# JRE version: Java(TM) SE Runtime Environment (8.0_121-b13) (build 1.8.0_121-b13)
# Java VM: Java HotSpot(TM) 64-Bit Server VM (25.121-b13 mixed mode linux-amd64 compressed oops)
Heap:
 PSYoungGen      total 182272K, used 134448K [0x00000000e1f80000, 0x00000000ee480000, 0x0000000100000000)
  eden space 171008K, 72% used [0x00000000e1f80000,0x00000000e97cefd8,0x00000000ec680000)
  from space 11264K, 99% used [0x00000000ed600000,0x00000000ee0fd218,0x00000000ee100000)
  to   space 15360K, 0% used [0x00000000ec680000,0x00000000ec680000,0x00000000ed580000)
 ParOldGen       total 55296K, used 22801K [0x00000000a5e00000, 0x00000000a9400000, 0x00000000e1f80000)
  object space 55296K, 41% used [0x00000000a5e00000,0x00000000a74444f0,0x00000000a9400000)
 Metaspace       used 32192K, capacity 34163K, committed 34304K, reserved 1079296K
  class space    used 4362K, capacity 4738K, committed 4864K, reserved 1048576K
GC Heap History (10 events):
Event: 1073.888 GC heap before
{Heap before GC invocations=7 (full 1):
 PSYoungGen      total 51712K, used 51676K [0x00000000e1f80000, 0x00000000e7280000, 0x0000000100000000)
  eden space 48128K, 99% used [0x00000000e1f80000,0x00000000e4e781d8,0x00000000e4e80000)
  from space 3584K, 99% used [0x00000000e4e80000,0x00000000e51fefd0,0x00000000e5200000)
  to   space 7680K, 0% used [0x00000000e6b00000,0x00000000e6b00000,0x00000000e7280000)
 ParOldGen       total 55296K, used 8576K [0x00000000a5e00000, 0x00000000a9400000, 0x00000000e1f80000)
  object space 55296K, 15% used [0x00000000a5e00000,0x00000000a6660390,0x00000000a9400000)
 Metaspace       used 26292K, capacity 27533K, committed 27648K, reserved 1073152K
  class space    used 3827K, capacity 4071K, committed 4096K, reserved 1048576K
Event: 1073.898 GC heap after
Heap after GC invocations=7 (full 1):
 PSYoungGen      total 77312K, used 3595K [0x00000000e1f80000, 0x00000000e7e00000, 0x0000000100000000)
  eden space 69632K, 0% used [0x00000000e1f80000,0x00000000e1f80000,0x00000000e6380000)
  from space 7680K, 46% used [0x00000000e6b00000,0x00000000e6e82c98,0x00000000e7280000)
  to   space 7680K, 0% used [0x00000000e6380000,0x00000000e6380000,0x00000000e6b00000)
 ParOldGen       total 55296K, used 8584K [0x00000000a5e00000, 0x00000000a9400000, 0x00000000e1f80000)
  object space 55296K, 15% used [0x00000000a5e00000,0x00000000a6662390,0x00000000a9400000)
 Metaspace       used 26292K, capacity 27533K, committed 27648K, reserved 1073152K
  class space    used 3827K, capacity 4071K, committed 4096K, reserved 1048576K
}
Event: 1073.933 GC heap before
{Heap before GC invocations=8 (full 1):
 PSYoungGen      total 77312K, used 73088K [0x00000000e1f80000, 0x00000000e7e00000, 0x0000000100000000)
  eden space 69632K, 99% used [0x00000000e1f80000,0x00000000e635d700,0x00000000e6380000)
  from space 7680K, 46% used [0x00000000e6b00000,0x00000000e6e82c98,0x00000000e7280000)
  to   space 7680K, 0% used [0x00000000e6380000,0x00000000e6380000,0x00000000e6b00000)
 ParOldGen       total 55296K, used 8584K [0x00000000a5e00000, 0x00000000a9400000, 0x00000000e1f80000)
  object space 55296K, 15% used [0x00000000a5e00000,0x00000000a6662390,0x00000000a9400000)
 Metaspace       used 26293K, capacity 27533K, committed 27648K, reserved 1073152K
  class space    used 3827K, capacity 4071K, committed 4096K, reserved 1048576K
Event: 1073.943 GC heap after
Heap after GC invocations=8 (full 1):
 PSYoungGen      total 77312K, used 3676K [0x00000000e1f80000, 0x00000000ea480000, 0x0000000100000000)
  eden space 69632K, 0% used [0x00000000e1f80000,0x00000000e1f80000,0x00000000e6380000)
  from space 7680K, 47% used [0x00000000e6380000,0x00000000e67173c8,0x00000000e6b00000)
  to   space 7168K, 0% used [0x00000000e9d80000,0x00000000e9d80000,0x00000000ea480000)
 ParOldGen       total 55296K, used 8592K [0x00000000a5e00000, 0x00000000a9400000, 0x00000000e1f80000)
  object space 55296K, 15% used [0x00000000a5e00000,0x00000000a6664390,0x00000000a9400000)
 Metaspace       used 26293K, capacity 27533K, committed 27648K, reserved 1073152K
  class space    used 3827K, capacity 4071K, committed 4096K, reserved 1048576K
}
Event: 1073.973 GC heap before
{Heap before GC invocations=9 (full 1):
 PSYoungGen      total 77312K, used 73299K [0x00000000e1f80000, 0x00000000ea480000, 0x0000000100000000)
  eden space 69632K, 99% used [0x00000000e1f80000,0x00000000e637dba8,0x00000000e6380000)
  from space 7680K, 47% used [0x00000000e6380000,0x00000000e67173c8,0x00000000e6b00000)
  to   space 7168K, 0% used [0x00000000e9d80000,0x00000000e9d80000,0x00000000ea480000)
 ParOldGen       total 55296K, used 8592K [0x00000000a5e00000, 0x00000000a9400000, 0x00000000e1f80000)
  object space 55296K, 15% used [0x00000000a5e00000,0x00000000a6664390,0x00000000a9400000)
 Metaspace       used 26293K, capacity 27533K, committed 27648K, reserved 1073152K
  class space    used 3827K, capacity 4071K, committed 4096K, reserved 1048576K
Event: 1073.982 GC heap after
Heap after GC invocations=9 (full 1):
 PSYoungGen      total 129024K, used 3661K [0x00000000e1f80000, 0x00000000ea700000, 0x0000000100000000)
  eden space 121856K, 0% used [0x00000000e1f80000,0x00000000e1f80000,0x00000000e9680000)
  from space 7168K, 51% used [0x00000000e9d80000,0x00000000ea113588,0x00000000ea480000)
  to   space 7168K, 0% used [0x00000000e9680000,0x00000000e9680000,0x00000000e9d80000)
 ParOldGen       total 55296K, used 8592K [0x00000000a5e00000, 0x00000000a9400000, 0x00000000e1f80000)
  object space 55296K, 15% used [0x00000000a5e00000,0x00000000a6664390,0x00000000a9400000)
 Metaspace       used 26293K, capacity 27533K, committed 27648K, reserved 1073152K
  class space    used 3827K, capacity 4071K, committed 4096K, reserved 1048576K
}
Event: 1103.046 GC heap before
{Heap before GC invocations=10 (full 1):
 PSYoungGen      total 129024K, used 125517K [0x00000000e1f80000, 0x00000000ea700000, 0x0000000100000000)
  eden space 121856K, 100% used [0x00000000e1f80000,0x00000000e9680000,0x00000000e9680000)
  from space 7168K, 51% used [0x00000000e9d80000,0x00000000ea113588,0x00000000ea480000)
  to   space 7168K, 0% used [0x00000000e9680000,0x00000000e9680000,0x00000000e9d80000)
 ParOldGen       total 55296K, used 8592K [0x00000000a5e00000, 0x00000000a9400000, 0x00000000e1f80000)
  object space 55296K, 15% used [0x00000000a5e00000,0x00000000a6664390,0x00000000a9400000)
 Metaspace       used 30699K, capacity 32595K, committed 32896K, reserved 1077248K
  class space    used 4308K, capacity 4662K, committed 4736K, reserved 1048576K
Event: 1103.079 GC heap after
Heap after GC invocations=10 (full 1):
 PSYoungGen      total 129024K, used 7155K [0x00000000e1f80000, 0x00000000ee100000, 0x0000000100000000)
  eden space 121856K, 0% used [0x00000000e1f80000,0x00000000e1f80000,0x00000000e9680000)
  from space 7168K, 99% used [0x00000000e9680000,0x00000000e9d7cea8,0x00000000e9d80000)
  to   space 11264K, 0% used [0x00000000ed600000,0x00000000ed600000,0x00000000ee100000)
 ParOldGen       total 55296K, used 17282K [0x00000000a5e00000, 0x00000000a9400000, 0x00000000e1f80000)
  object space 55296K, 31% used [0x00000000a5e00000,0x00000000a6ee08e0,0x00000000a9400000)
 Metaspace       used 30699K, capacity 32595K, committed 32896K, reserved 1077248K
  class space    used 4308K, capacity 4662K, committed 4736K, reserved 1048576K
}
Event: 1131.665 GC heap before
{Heap before GC invocations=11 (full 1):
 PSYoungGen      total 129024K, used 126979K [0x00000000e1f80000, 0x00000000ee100000, 0x0000000100000000)
  eden space 121856K, 98% used [0x00000000e1f80000,0x00000000e94840d8,0x00000000e9680000)
  from space 7168K, 99% used [0x00000000e9680000,0x00000000e9d7cea8,0x00000000e9d80000)
  to   space 11264K, 0% used [0x00000000ed600000,0x00000000ed600000,0x00000000ee100000)
 ParOldGen       total 55296K, used 17282K [0x00000000a5e00000, 0x00000000a9400000, 0x00000000e1f80000)
  object space 55296K, 31% used [0x00000000a5e00000,0x00000000a6ee08e0,0x00000000a9400000)
 Metaspace       used 31682K, capacity 33609K, committed 33664K, reserved 1079296K
  class space    used 4347K, capacity 4695K, committed 4736K, reserved 1048576K
Event: 1131.700 GC heap after
Heap after GC invocations=11 (full 1):
 PSYoungGen      total 182272K, used 11252K [0x00000000e1f80000, 0x00000000ee480000, 0x0000000100000000)
  eden space 171008K, 0% used [0x00000000e1f80000,0x00000000e1f80000,0x00000000ec680000)
  from space 11264K, 99% used [0x00000000ed600000,0x00000000ee0fd218,0x00000000ee100000)
  to   space 15360K, 0% used [0x00000000ec680000,0x00000000ec680000,0x00000000ed580000)
 ParOldGen       total 55296K, used 22801K [0x00000000a5e00000, 0x00000000a9400000, 0x00000000e1f80000)
  object space 55296K, 41% used [0x00000000a5e00000,0x00000000a74444f0,0x00000000a9400000)
 Metaspace       used 31682K, capacity 33609K, committed 33664K, reserved 1079296K
  class space    used 4347K, capacity 4695K, committed 4736K, reserved 1048576K
}

